<?xml version="1.0" encoding="UTF-8"?>
<!-- Generated by org.testng.reporters.JUnitReportReporter -->
<testsuite hostname="sami.local" name="com.visa.vdp.vctc.TestValidation" tests="2" failures="0" timestamp="2 Jun 2018 22:48:33 GMT" time="0.707" errors="0">
  <testcase name="testRetreiveListofDecisionRecords" time="0.707" classname="com.visa.vdp.vctc.TestValidation"/>
  <testcase name="setUp" time="0.000" classname="com.visa.vdp.vctc.TestValidation"/>
</testsuite> <!-- com.visa.vdp.vctc.TestValidation -->
