<?xml version="1.0" encoding="UTF-8"?>
<!-- Generated by org.testng.reporters.JUnitReportReporter -->
<testsuite hostname="sami.local" name="com.visa.vdp.merchantsearch.TestMerchantSearchAPI" tests="1" failures="0" timestamp="2 Jun 2018 22:48:33 GMT" time="5.835" errors="0">
  <testcase name="testMerchantSearch" time="5.835" classname="com.visa.vdp.merchantsearch.TestMerchantSearchAPI"/>
</testsuite> <!-- com.visa.vdp.merchantsearch.TestMerchantSearchAPI -->
