<?xml version="1.0" encoding="UTF-8"?>
<!-- Generated by org.testng.reporters.JUnitReportReporter -->
<testsuite hostname="sami.local" name="com.visa.vdp.pymntacntvalidation.TestPaymentAccountValidation" tests="1" failures="0" timestamp="2 Jun 2018 22:48:33 GMT" time="0.290" errors="0">
  <testcase name="testCardValidation" time="0.290" classname="com.visa.vdp.pymntacntvalidation.TestPaymentAccountValidation"/>
</testsuite> <!-- com.visa.vdp.pymntacntvalidation.TestPaymentAccountValidation -->
