<?xml version="1.0" encoding="UTF-8"?>
<!-- Generated by org.testng.reporters.JUnitReportReporter -->
<testsuite hostname="sami.local" name="com.visa.vdp.atmlocator.TestLocateATM" tests="1" failures="0" timestamp="2 Jun 2018 22:48:33 GMT" time="2.335" errors="0">
  <testcase name="testLocateATM" time="2.335" classname="com.visa.vdp.atmlocator.TestLocateATM"/>
</testsuite> <!-- com.visa.vdp.atmlocator.TestLocateATM -->
