<?xml version="1.0" encoding="UTF-8"?>
<!-- Generated by org.testng.reporters.JUnitReportReporter -->
<testsuite hostname="sami.local" name="com.visa.vdp.visadirect.TestWatchListScreening" tests="1" failures="0" timestamp="2 Jun 2018 22:48:33 GMT" time="0.307" errors="0">
  <testcase name="testWatchListInquiry" time="0.307" classname="com.visa.vdp.visadirect.TestWatchListScreening"/>
</testsuite> <!-- com.visa.vdp.visadirect.TestWatchListScreening -->
