<?xml version="1.0" encoding="UTF-8"?>
<!-- Generated by org.testng.reporters.JUnitReportReporter -->
<testsuite hostname="sami.local" name="com.visa.vdp.foreignexchange.TestForeignExchangeRates" tests="1" failures="0" timestamp="2 Jun 2018 22:48:33 GMT" time="0.730" errors="0">
  <testcase name="testForeignExchangeRates" time="0.730" classname="com.visa.vdp.foreignexchange.TestForeignExchangeRates"/>
</testsuite> <!-- com.visa.vdp.foreignexchange.TestForeignExchangeRates -->
