<?xml version="1.0" encoding="UTF-8"?>
<!-- Generated by org.testng.reporters.JUnitReportReporter -->
<testsuite hostname="sami.local" name="com.visa.vdp.merchantlocator.TestMerchantLocatorAPI" tests="1" failures="0" timestamp="2 Jun 2018 22:48:33 GMT" time="1.229" errors="0">
  <testcase name="testMerchantLocatorAPI" time="1.229" classname="com.visa.vdp.merchantlocator.TestMerchantLocatorAPI"/>
</testsuite> <!-- com.visa.vdp.merchantlocator.TestMerchantLocatorAPI -->
