<?xml version="1.0" encoding="UTF-8"?>
<!-- Generated by org.testng.reporters.JUnitReportReporter -->
<testsuite hostname="sami.local" name="com.visa.vdp.vctc.TestProgramAdministration" tests="2" failures="0" timestamp="2 Jun 2018 22:48:33 GMT" time="0.227" errors="0">
  <testcase name="setUp" time="0.000" classname="com.visa.vdp.vctc.TestProgramAdministration"/>
  <testcase name="testRetreiveTransactionTypeControls" time="0.227" classname="com.visa.vdp.vctc.TestProgramAdministration"/>
</testsuite> <!-- com.visa.vdp.vctc.TestProgramAdministration -->
