<?xml version="1.0" encoding="UTF-8"?>
<!-- Generated by org.testng.reporters.JUnitReportReporter -->
<testsuite hostname="sami.local" name="com.visa.vdp.mlc.TestCardholderEnrollment" tests="1" failures="0" timestamp="2 Jun 2018 22:48:33 GMT" time="1.575" errors="0">
  <testcase name="testCardEnrollment" time="1.575" classname="com.visa.vdp.mlc.TestCardholderEnrollment"/>
</testsuite> <!-- com.visa.vdp.mlc.TestCardholderEnrollment -->
